<?xml version="1.0" encoding="utf-8"?><testsuites name="pytest tests"><testsuite name="pytest" errors="0" failures="0" skipped="0" tests="188" time="19.728" timestamp="2025-07-08T19:07:52.926296+02:00" hostname="ptisnovs-thinkpadt14gen3.brq.csb"><testcase classname="tests.unit.app.endpoints.test_config" name="test_config_endpoint_handler_configuration_not_loaded" time="0.008" /><testcase classname="tests.unit.app.endpoints.test_config" name="test_config_endpoint_handler_configuration_loaded" time="0.001" /><testcase classname="tests.unit.app.endpoints.test_feedback" name="test_is_feedback_enabled" time="0.001" /><testcase classname="tests.unit.app.endpoints.test_feedback" name="test_is_feedback_disabled" time="0.001" /><testcase classname="tests.unit.app.endpoints.test_feedback" name="test_assert_feedback_enabled_disabled" time="0.005" /><testcase classname="tests.unit.app.endpoints.test_feedback" name="test_assert_feedback_enabled" time="0.002" /><testcase classname="tests.unit.app.endpoints.test_feedback" name="test_feedback_endpoint_handler" time="0.003" /><testcase classname="tests.unit.app.endpoints.test_feedback" name="test_feedback_endpoint_handler_error" time="0.032" /><testcase classname="tests.unit.app.endpoints.test_feedback" name="test_store_feedback" time="0.006" /><testcase classname="tests.unit.app.endpoints.test_feedback" name="test_feedback_status" time="0.001" /><testcase classname="tests.unit.app.endpoints.test_health" name="test_readiness_probe_fails_due_to_unhealthy_providers" time="0.002" /><testcase classname="tests.unit.app.endpoints.test_health" name="test_readiness_probe_success_when_all_providers_healthy" time="0.002" /><testcase classname="tests.unit.app.endpoints.test_health" name="test_liveness_probe" time="0.001" /><testcase classname="tests.unit.app.endpoints.test_health.TestProviderHealthStatus" name="test_provider_health_status_creation" time="0.001" /><testcase classname="tests.unit.app.endpoints.test_health.TestProviderHealthStatus" name="test_provider_health_status_optional_fields" time="0.001" /><testcase classname="tests.unit.app.endpoints.test_health.TestGetProvidersHealthStatuses" name="test_get_providers_health_statuses" time="0.002" /><testcase classname="tests.unit.app.endpoints.test_health.TestGetProvidersHealthStatuses" name="test_get_providers_health_statuses_connection_error" time="0.004" /><testcase classname="tests.unit.app.endpoints.test_info" name="test_info_endpoint" time="0.001" /><testcase classname="tests.unit.app.endpoints.test_models" name="test_models_endpoint_handler_configuration_not_loaded" time="0.002" /><testcase classname="tests.unit.app.endpoints.test_models" name="test_models_endpoint_handler_improper_llama_stack_configuration" time="0.006" /><testcase classname="tests.unit.app.endpoints.test_models" name="test_models_endpoint_handler_configuration_loaded" time="1.522" /><testcase classname="tests.unit.app.endpoints.test_models" name="test_models_endpoint_handler_unable_to_retrieve_models_list" time="0.004" /><testcase classname="tests.unit.app.endpoints.test_query" name="test_query_endpoint_handler_configuration_not_loaded" time="0.004" /><testcase classname="tests.unit.app.endpoints.test_query" name="test_is_transcripts_enabled" time="0.003" /><testcase classname="tests.unit.app.endpoints.test_query" name="test_is_transcripts_disabled" time="0.003" /><testcase classname="tests.unit.app.endpoints.test_query" name="test_query_endpoint_handler_transcript_storage_disabled" time="0.008" /><testcase classname="tests.unit.app.endpoints.test_query" name="test_query_endpoint_handler_store_transcript" time="0.008" /><testcase classname="tests.unit.app.endpoints.test_query" name="test_select_model_id" time="0.003" /><testcase classname="tests.unit.app.endpoints.test_query" name="test_select_model_id_no_model" time="0.003" /><testcase classname="tests.unit.app.endpoints.test_query" name="test_select_model_id_invalid_model" time="0.008" /><testcase classname="tests.unit.app.endpoints.test_query" name="test_no_available_models" time="0.006" /><testcase classname="tests.unit.app.endpoints.test_query" name="test_validate_attachments_metadata" time="0.002" /><testcase classname="tests.unit.app.endpoints.test_query" name="test_validate_attachments_metadata_invalid_type" time="0.006" /><testcase classname="tests.unit.app.endpoints.test_query" name="test_validate_attachments_metadata_invalid_content_type" time="0.005" /><testcase classname="tests.unit.app.endpoints.test_query" name="test_retrieve_response_vector_db_available" time="0.013" /><testcase classname="tests.unit.app.endpoints.test_query" name="test_retrieve_response_no_available_shields" time="0.005" /><testcase classname="tests.unit.app.endpoints.test_query" name="test_retrieve_response_one_available_shield" time="0.007" /><testcase classname="tests.unit.app.endpoints.test_query" name="test_retrieve_response_two_available_shields" time="0.005" /><testcase classname="tests.unit.app.endpoints.test_query" name="test_retrieve_response_with_one_attachment" time="0.005" /><testcase classname="tests.unit.app.endpoints.test_query" name="test_retrieve_response_with_two_attachments" time="0.004" /><testcase classname="tests.unit.app.endpoints.test_query" name="test_retrieve_response_with_mcp_servers" time="0.005" /><testcase classname="tests.unit.app.endpoints.test_query" name="test_retrieve_response_with_mcp_servers_empty_token" time="0.004" /><testcase classname="tests.unit.app.endpoints.test_query" name="test_retrieve_response_with_mcp_servers_and_mcp_headers" time="0.004" /><testcase classname="tests.unit.app.endpoints.test_query" name="test_construct_transcripts_path" time="0.003" /><testcase classname="tests.unit.app.endpoints.test_query" name="test_store_transcript" time="0.008" /><testcase classname="tests.unit.app.endpoints.test_query" name="test_get_rag_toolgroups" time="0.002" /><testcase classname="tests.unit.app.endpoints.test_query" name="test_query_endpoint_handler_on_connection_error" time="0.007" /><testcase classname="tests.unit.app.endpoints.test_query" name="test_get_agent_cache_hit" time="0.002" /><testcase classname="tests.unit.app.endpoints.test_query" name="test_get_agent_cache_miss_with_conversation_id" time="0.004" /><testcase classname="tests.unit.app.endpoints.test_query" name="test_get_agent_no_conversation_id" time="0.004" /><testcase classname="tests.unit.app.endpoints.test_query" name="test_get_agent_empty_shields" time="0.004" /><testcase classname="tests.unit.app.endpoints.test_query" name="test_get_agent_multiple_mcp_servers" time="0.004" /><testcase classname="tests.unit.app.endpoints.test_query" name="test_get_agent_session_persistence_enabled" time="0.004" /><testcase classname="tests.unit.app.endpoints.test_root" name="test_root_endpoint" time="0.001" /><testcase classname="tests.unit.app.endpoints.test_streaming_query" name="test_streaming_query_endpoint_handler_configuration_not_loaded" time="0.004" /><testcase classname="tests.unit.app.endpoints.test_streaming_query" name="test_streaming_query_endpoint_on_connection_error" time="0.009" /><testcase classname="tests.unit.app.endpoints.test_streaming_query" name="test_streaming_query_endpoint_handler" time="0.016" /><testcase classname="tests.unit.app.endpoints.test_streaming_query" name="test_streaming_query_endpoint_handler_store_transcript" time="0.012" /><testcase classname="tests.unit.app.endpoints.test_streaming_query" name="test_retrieve_response_vector_db_available" time="0.007" /><testcase classname="tests.unit.app.endpoints.test_streaming_query" name="test_retrieve_response_no_available_shields" time="0.008" /><testcase classname="tests.unit.app.endpoints.test_streaming_query" name="test_retrieve_response_one_available_shield" time="0.007" /><testcase classname="tests.unit.app.endpoints.test_streaming_query" name="test_retrieve_response_two_available_shields" time="0.009" /><testcase classname="tests.unit.app.endpoints.test_streaming_query" name="test_retrieve_response_with_one_attachment" time="0.006" /><testcase classname="tests.unit.app.endpoints.test_streaming_query" name="test_retrieve_response_with_two_attachments" time="0.007" /><testcase classname="tests.unit.app.endpoints.test_streaming_query" name="test_stream_build_event_step_progress" time="0.002" /><testcase classname="tests.unit.app.endpoints.test_streaming_query" name="test_stream_build_event_step_complete" time="0.003" /><testcase classname="tests.unit.app.endpoints.test_streaming_query" name="test_stream_build_event_returns_none" time="0.002" /><testcase classname="tests.unit.app.endpoints.test_streaming_query" name="test_retrieve_response_with_mcp_servers" time="0.009" /><testcase classname="tests.unit.app.endpoints.test_streaming_query" name="test_retrieve_response_with_mcp_servers_empty_token" time="0.007" /><testcase classname="tests.unit.app.endpoints.test_streaming_query" name="test_retrieve_response_with_mcp_servers_and_mcp_headers" time="0.008" /><testcase classname="tests.unit.app.endpoints.test_streaming_query" name="test_get_agent_cache_hit" time="0.004" /><testcase classname="tests.unit.app.endpoints.test_streaming_query" name="test_get_agent_cache_miss_with_conversation_id" time="0.009" /><testcase classname="tests.unit.app.endpoints.test_streaming_query" name="test_get_agent_no_conversation_id" time="0.007" /><testcase classname="tests.unit.app.endpoints.test_streaming_query" name="test_get_agent_empty_shields" time="0.007" /><testcase classname="tests.unit.app.endpoints.test_streaming_query" name="test_get_agent_multiple_mcp_servers" time="0.006" /><testcase classname="tests.unit.app.endpoints.test_streaming_query" name="test_get_agent_session_persistence_enabled" time="0.006" /><testcase classname="tests.unit.app.test_routers" name="test_include_routers" time="0.001" /><testcase classname="tests.unit.auth.test_auth" name="test_get_auth_dependency_noop" time="0.001" /><testcase classname="tests.unit.auth.test_auth" name="test_get_auth_dependency_noop_with_token" time="0.001" /><testcase classname="tests.unit.auth.test_auth" name="test_get_auth_dependency_k8s" time="0.001" /><testcase classname="tests.unit.auth.test_k8s" name="test_singleton_pattern" time="0.015" /><testcase classname="tests.unit.auth.test_k8s" name="test_auth_dependency_valid_token" time="0.006" /><testcase classname="tests.unit.auth.test_k8s" name="test_auth_dependency_invalid_token" time="0.004" /><testcase classname="tests.unit.auth.test_k8s" name="test_cluster_id_is_used_for_kube_admin" time="0.005" /><testcase classname="tests.unit.auth.test_k8s" name="test_auth_dependency_config" time="0.003" /><testcase classname="tests.unit.auth.test_k8s" name="test_get_cluster_id" time="0.017" /><testcase classname="tests.unit.auth.test_k8s" name="test_get_cluster_id_in_cluster" time="0.002" /><testcase classname="tests.unit.auth.test_k8s" name="test_get_cluster_id_outside_of_cluster" time="0.004" /><testcase classname="tests.unit.auth.test_noop" name="test_noop_auth_dependency" time="0.006" /><testcase classname="tests.unit.auth.test_noop" name="test_noop_auth_dependency_custom_user_id" time="0.004" /><testcase classname="tests.unit.auth.test_noop_with_token" name="test_noop_with_token_auth_dependency" time="0.005" /><testcase classname="tests.unit.auth.test_noop_with_token" name="test_noop_with_token_auth_dependency_custom_user_id" time="0.005" /><testcase classname="tests.unit.auth.test_noop_with_token" name="test_noop_with_token_auth_dependency_no_token" time="0.004" /><testcase classname="tests.unit.auth.test_noop_with_token" name="test_noop_with_token_auth_dependency_no_bearer" time="0.007" /><testcase classname="tests.unit.auth.test_utils" name="test_extract_user_token" time="0.001" /><testcase classname="tests.unit.auth.test_utils" name="test_extract_user_token_no_header" time="0.001" /><testcase classname="tests.unit.auth.test_utils" name="test_extract_user_token_invalid_format" time="0.001" /><testcase classname="tests.unit.models.test_config" name="test_service_configuration_constructor" time="0.001" /><testcase classname="tests.unit.models.test_config" name="test_service_configuration_port_value" time="0.006" /><testcase classname="tests.unit.models.test_config" name="test_service_configuration_workers_value" time="0.005" /><testcase classname="tests.unit.models.test_config" name="test_llama_stack_configuration_constructor" time="0.001" /><testcase classname="tests.unit.models.test_config" name="test_llama_stack_wrong_configuration_constructor_no_url" time="0.005" /><testcase classname="tests.unit.models.test_config" name="test_llama_stack_wrong_configuration_constructor_library_mode_off" time="0.005" /><testcase classname="tests.unit.models.test_config" name="test_llama_stack_wrong_configuration_no_config_file" time="0.006" /><testcase classname="tests.unit.models.test_config" name="test_user_data_collection_feedback_enabled" time="0.001" /><testcase classname="tests.unit.models.test_config" name="test_user_data_collection_feedback_disabled" time="0.004" /><testcase classname="tests.unit.models.test_config" name="test_user_data_collection_transcripts_enabled" time="0.001" /><testcase classname="tests.unit.models.test_config" name="test_user_data_collection_transcripts_disabled" time="0.004" /><testcase classname="tests.unit.models.test_config" name="test_tls_configuration" time="0.001" /><testcase classname="tests.unit.models.test_config" name="test_tls_configuration_wrong_certificate_path" time="0.003" /><testcase classname="tests.unit.models.test_config" name="test_tls_configuration_wrong_key_path" time="0.001" /><testcase classname="tests.unit.models.test_config" name="test_tls_configuration_wrong_password_path" time="0.001" /><testcase classname="tests.unit.models.test_config" name="test_tls_configuration_certificate_path_to_directory" time="0.001" /><testcase classname="tests.unit.models.test_config" name="test_tls_configuration_key_path_to_directory" time="0.001" /><testcase classname="tests.unit.models.test_config" name="test_tls_configuration_password_path_to_directory" time="0.001" /><testcase classname="tests.unit.models.test_config" name="test_model_context_protocol_server_constructor" time="0.001" /><testcase classname="tests.unit.models.test_config" name="test_model_context_protocol_server_custom_provider" time="0.001" /><testcase classname="tests.unit.models.test_config" name="test_model_context_protocol_server_required_fields" time="0.001" /><testcase classname="tests.unit.models.test_config" name="test_configuration_empty_mcp_servers" time="0.001" /><testcase classname="tests.unit.models.test_config" name="test_configuration_single_mcp_server" time="0.001" /><testcase classname="tests.unit.models.test_config" name="test_configuration_multiple_mcp_servers" time="0.001" /><testcase classname="tests.unit.models.test_config" name="test_dump_configuration" time="0.003" /><testcase classname="tests.unit.models.test_config" name="test_dump_configuration_with_one_mcp_server" time="0.002" /><testcase classname="tests.unit.models.test_config" name="test_dump_configuration_with_more_mcp_servers" time="0.002" /><testcase classname="tests.unit.models.test_config" name="test_authentication_configuration" time="0.001" /><testcase classname="tests.unit.models.test_config" name="test_authentication_configuration_supported" time="0.001" /><testcase classname="tests.unit.models.test_config" name="test_authentication_configuration_module_unsupported" time="0.003" /><testcase classname="tests.unit.models.test_requests.TestAttachment" name="test_constructor" time="0.001" /><testcase classname="tests.unit.models.test_requests.TestQueryRequest" name="test_constructor" time="0.001" /><testcase classname="tests.unit.models.test_requests.TestQueryRequest" name="test_with_attachments" time="0.001" /><testcase classname="tests.unit.models.test_requests.TestQueryRequest" name="test_with_optional_fields" time="0.001" /><testcase classname="tests.unit.models.test_requests.TestQueryRequest" name="test_get_documents" time="0.001" /><testcase classname="tests.unit.models.test_requests.TestQueryRequest" name="test_validate_provider_and_model" time="0.007" /><testcase classname="tests.unit.models.test_requests.TestFeedbackRequest" name="test_constructor" time="0.001" /><testcase classname="tests.unit.models.test_requests.TestFeedbackRequest" name="test_check_invalid_uuid_format" time="0.003" /><testcase classname="tests.unit.models.test_requests.TestFeedbackRequest" name="test_check_sentiment" time="0.005" /><testcase classname="tests.unit.models.test_requests.TestFeedbackRequest" name="test_check_sentiment_or_user_feedback" time="0.004" /><testcase classname="tests.unit.models.test_requests.TestFeedbackRequest" name="test_feedback_too_long" time="0.003" /><testcase classname="tests.unit.models.test_responses.TestQueryResponse" name="test_constructor" time="0.001" /><testcase classname="tests.unit.models.test_responses.TestQueryResponse" name="test_optional_conversation_id" time="0.001" /><testcase classname="tests.unit.models.test_responses.TestStatusResponse" name="test_constructor" time="0.001" /><testcase classname="tests.unit.runners.test_uvicorn_runner" name="test_start_uvicorn" time="0.002" /><testcase classname="tests.unit.runners.test_uvicorn_runner" name="test_start_uvicorn_different_host_port" time="0.002" /><testcase classname="tests.unit.runners.test_uvicorn_runner" name="test_start_uvicorn_empty_tls_configuration" time="0.002" /><testcase classname="tests.unit.runners.test_uvicorn_runner" name="test_start_uvicorn_tls_configuration" time="0.001" /><testcase classname="tests.unit.test_client" name="test_get_llama_stack_library_client" time="0.936" /><testcase classname="tests.unit.test_client" name="test_get_llama_stack_remote_client" time="0.012" /><testcase classname="tests.unit.test_client" name="test_get_llama_stack_wrong_configuration" time="0.007" /><testcase classname="tests.unit.test_client" name="test_get_async_llama_stack_library_client" time="0.042" /><testcase classname="tests.unit.test_client" name="test_get_async_llama_stack_remote_client" time="0.014" /><testcase classname="tests.unit.test_client" name="test_get_async_llama_stack_wrong_configuration" time="0.005" /><testcase classname="tests.unit.test_configuration" name="test_default_configuration" time="0.004" /><testcase classname="tests.unit.test_configuration" name="test_configuration_is_singleton" time="0.001" /><testcase classname="tests.unit.test_configuration" name="test_init_from_dict" time="0.001" /><testcase classname="tests.unit.test_configuration" name="test_init_from_dict_with_mcp_servers" time="0.001" /><testcase classname="tests.unit.test_configuration" name="test_load_proper_configuration" time="0.007" /><testcase classname="tests.unit.test_configuration" name="test_load_configuration_with_mcp_servers" time="0.008" /><testcase classname="tests.unit.test_configuration" name="test_mcp_servers_property_empty" time="0.001" /><testcase classname="tests.unit.test_configuration" name="test_mcp_servers_property_with_servers" time="0.001" /><testcase classname="tests.unit.test_configuration" name="test_configuration_not_loaded" time="0.001" /><testcase classname="tests.unit.test_configuration" name="test_service_configuration_not_loaded" time="0.001" /><testcase classname="tests.unit.test_configuration" name="test_llama_stack_configuration_not_loaded" time="0.001" /><testcase classname="tests.unit.test_configuration" name="test_user_data_collection_configuration_not_loaded" time="0.001" /><testcase classname="tests.unit.test_configuration" name="test_mcp_servers_not_loaded" time="0.001" /><testcase classname="tests.unit.test_configuration" name="test_load_configuration_with_customization" time="0.009" /><testcase classname="tests.unit.test_lightspeed_stack" name="test_create_argument_parser" time="0.002" /><testcase classname="tests.unit.test_log" name="test_get_logger" time="0.001" /><testcase classname="tests.unit.test_version" name="test_version_handling" time="10.639" /><testcase classname="tests.unit.utils.test_checks" name="test_get_attribute_from_file_no_record" time="0.001" /><testcase classname="tests.unit.utils.test_checks" name="test_get_attribute_from_file_proper_record" time="0.002" /><testcase classname="tests.unit.utils.test_checks" name="test_get_attribute_from_file_improper_filename" time="0.003" /><testcase classname="tests.unit.utils.test_checks" name="test_file_check_existing_file" time="0.002" /><testcase classname="tests.unit.utils.test_checks" name="test_file_check_non_existing_file" time="0.001" /><testcase classname="tests.unit.utils.test_checks" name="test_file_check_not_readable_file" time="0.003" /><testcase classname="tests.unit.utils.test_common" name="test_retrieve_user_id" time="0.001" /><testcase classname="tests.unit.utils.test_common" name="test_register_mcp_servers_empty_list" time="0.004" /><testcase classname="tests.unit.utils.test_common" name="test_register_mcp_servers_single_server_not_registered" time="0.004" /><testcase classname="tests.unit.utils.test_common" name="test_register_mcp_servers_single_server_already_registered" time="0.004" /><testcase classname="tests.unit.utils.test_common" name="test_register_mcp_servers_multiple_servers_mixed_registration" time="0.005" /><testcase classname="tests.unit.utils.test_common" name="test_register_mcp_servers_with_custom_provider" time="0.005" /><testcase classname="tests.unit.utils.test_common" name="test_register_mcp_servers_async_with_library_client" time="0.007" /><testcase classname="tests.unit.utils.test_endpoints" name="test_get_default_system_prompt" time="0.001" /><testcase classname="tests.unit.utils.test_endpoints" name="test_get_customized_system_prompt" time="0.001" /><testcase classname="tests.unit.utils.test_endpoints" name="test_get_query_system_prompt" time="0.001" /><testcase classname="tests.unit.utils.test_endpoints" name="test_get_query_system_prompt_not_customized_one" time="0.001" /><testcase classname="tests.unit.utils.test_suid.TestSUID" name="test_get_suid" time="0.001" /><testcase classname="tests.unit.utils.test_suid.TestSUID" name="test_check_suid_valid" time="0.001" /><testcase classname="tests.unit.utils.test_suid.TestSUID" name="test_check_suid_invalid" time="0.003" /></testsuite></testsuites>