<?xml version="1.0" encoding="utf-8"?><testsuites name="pytest tests"><testsuite name="pytest" errors="1" failures="0" skipped="0" tests="1" time="2.814" timestamp="2025-07-08T11:19:47.687541+02:00" hostname="ptisnovs-thinkpadt14gen3.brq.csb"><testcase classname="" name="tests.integration.test_openapi" time="0.000"><error message="collection failure">ImportError while importing test module '/home/ptisnovs/src/lightspeed-stack/tests/integration/test_openapi.py'.
Hint: make sure your test modules/packages have valid Python names.
Traceback:
tests/integration/test_openapi.py:15: in &lt;module&gt;
    from ols import config
E   ModuleNotFoundError: No module named 'ols'</error></testcase></testsuite></testsuites>