<?xml version="1.0" encoding="utf-8"?><testsuites name="pytest tests"><testsuite name="pytest" errors="0" failures="0" skipped="0" tests="67" time="0.655" timestamp="2025-07-08T05:47:49.965952+00:00" hostname="runner-xxurkrix-project-69487534-concurrent-0"><testcase classname="tests.test_cache.OneCharSeparated" name="test_empty_separator" time="0.003" /><testcase classname="tests.test_cache.OneCharSeparated" name="test_oversized_separator" time="0.001" /><testcase classname="tests.test_cache.OneCharSeparated" name="test_property" time="0.001" /><testcase classname="tests.test_cache.OneCharSeparated" name="test_repr" time="0.001" /><testcase classname="tests.test_cache.SegmentsParser" name="test__add_segment" time="0.001" /><testcase classname="tests.test_cache.SegmentsParser" name="test_add_match_and_get_end_pos" time="0.002" /><testcase classname="tests.test_cache.SegmentsParser" name="test_check_for_fast_forward" time="0.001" /><testcase classname="tests.test_cache.SegmentsParser" name="test_split_into_segments" time="0.002" /><testcase classname="tests.test_cache.SegmentsParser" name="test_store_and_reset_segment" time="0.001" /><testcase classname="tests.test_cache.ParsingCache" name="test_attributes" time="0.001" /><testcase classname="tests.test_cache.ParsingCache" name="test_canonical" time="0.001" /><testcase classname="tests.test_cache.ParsingCache" name="test_get_cached_bypass" time="0.001" /><testcase classname="tests.test_cache.ParsingCache" name="test_get_cached_hits" time="0.002" /><testcase classname="tests.test_cache.ParsingCache" name="test_get_cached_miss" time="0.002" /><testcase classname="tests.test_cache.ParsingCache" name="test_getitem_bypass" time="0.001" /><testcase classname="tests.test_cache.ParsingCache" name="test_getitem_cached" time="0.001" /><testcase classname="tests.test_cache.ParsingCache" name="test_repr" time="0.001" /><testcase classname="tests.test_commons.PartialTraverse" name="test_invalid_key" time="0.001" /><testcase classname="tests.test_commons.PartialTraverse" name="test_invalid_key_fail_false" time="0.001" /><testcase classname="tests.test_commons.PartialTraverse" name="test_negative_min_remaining_segments" time="0.001" /><testcase classname="tests.test_commons.PartialTraverse" name="test_through_a_leaf" time="0.001" /><testcase classname="tests.test_commons.PartialTraverse" name="test_through_list_with_invalid_index" time="0.001" /><testcase classname="tests.test_commons.PartialTraverse" name="test_valid_call" time="0.001" /><testcase classname="tests.test_commons.FullTraverse" name="test_full_traverse_empty" time="0.001" /><testcase classname="tests.test_commons.FullTraverse" name="test_non_empty" time="0.001" /><testcase classname="tests.test_commons.FullTraverse" name="test_through_a_leaf" time="0.001" /><testcase classname="tests.test_commons.TraverseWithDefault" name="test_default" time="0.001" /><testcase classname="tests.test_commons.TraverseWithDefault" name="test_non_empty" time="0.001" /><testcase classname="tests.test_commons.TraverseWithDefault" name="test_through_a_leaf" time="0.001" /><testcase classname="tests.test_commons.IterPaths" name="test_empty_collections" time="0.001" /><testcase classname="tests.test_commons.IterPaths" name="test_non_empty" time="0.001" /><testcase classname="tests.test_commons.IterPaths" name="test_partially_empty" time="0.001" /><testcase classname="tests.test_commons.IterPaths" name="test_scalar_only" time="0.001" /><testcase classname="tests.test_main.Main" name="test_installed_with_version" time="0.004" /><testcase classname="tests.test_main.Main" name="test_notinstalled_with_version_from_metadata" time="0.002" /><testcase classname="tests.test_main.Main" name="test_without_arguments" time="0.002" /><testcase classname="tests.test_main.GetMetadataVersion" name="test_file_io_error" time="0.001" /><testcase classname="tests.test_main.GetMetadataVersion" name="test_no_version_info" time="0.002" /><testcase classname="tests.test_main.GetMetadataVersion" name="test_version_data_ok" time="0.003" /><testcase classname="tests.test_main.GetFileContents" name="test_levels_up" time="0.003" /><testcase classname="tests.test_wrappers.EnforceDictOrList" name="test_with_dict" time="0.001" /><testcase classname="tests.test_wrappers.EnforceDictOrList" name="test_with_list" time="0.001" /><testcase classname="tests.test_wrappers.EnforceDictOrList" name="test_with_scalar" time="0.001" /><testcase classname="tests.test_wrappers.Structure" name="test_attributes" time="0.001" /><testcase classname="tests.test_wrappers.Structure" name="test_eq" time="0.001" /><testcase classname="tests.test_wrappers.Structure" name="test_get_immutable" time="0.001" /><testcase classname="tests.test_wrappers.Structure" name="test_get_with_default" time="0.001" /><testcase classname="tests.test_wrappers.Structure" name="test_get_with_default_error" time="0.002" /><testcase classname="tests.test_wrappers.Structure" name="test_getitem" time="0.001" /><testcase classname="tests.test_wrappers.Structure" name="test_getitem_different_separator" time="0.001" /><testcase classname="tests.test_wrappers.Structure" name="test_init_from_instance" time="0.001" /><testcase classname="tests.test_wrappers.Structure" name="test_iter_canonical_endpoints" time="0.001" /><testcase classname="tests.test_wrappers.Structure" name="test_ne" time="0.001" /><testcase classname="tests.test_wrappers.Structure" name="test_repr" time="0.001" /><testcase classname="tests.test_wrappers.MutableStructure" name="test_attributes" time="0.001" /><testcase classname="tests.test_wrappers.MutableStructure" name="test_delete_empty" time="0.002" /><testcase classname="tests.test_wrappers.MutableStructure" name="test_delete_method" time="0.001" /><testcase classname="tests.test_wrappers.MutableStructure" name="test_delitem" time="0.001" /><testcase classname="tests.test_wrappers.MutableStructure" name="test_freeze" time="0.001" /><testcase classname="tests.test_wrappers.MutableStructure" name="test_get" time="0.001" /><testcase classname="tests.test_wrappers.MutableStructure" name="test_getitem" time="0.001" /><testcase classname="tests.test_wrappers.MutableStructure" name="test_repr" time="0.001" /><testcase classname="tests.test_wrappers.MutableStructure" name="test_setitem" time="0.001" /><testcase classname="tests.test_wrappers.MutableStructure" name="test_update_method_fail_on_empty_path" time="0.001" /><testcase classname="tests.test_wrappers.MutableStructure" name="test_update_method_fail_on_missing_keys" time="0.001" /><testcase classname="tests.test_wrappers.MutableStructure" name="test_update_method_simple" time="0.001" /><testcase classname="tests.test_wrappers.MutableStructure" name="test_update_method_with_new_substructure" time="0.002" /></testsuite></testsuites>